Using pre-set license
Built from '2022.3/staging' branch; Version is '2022.3.42f1 (2dcb6a0abc42) revision 3001194'; Using compiler version '192829333'; Build Type 'Release'
OS: 'Windows 11  (10.0.22631) 64bit Core' Language: 'ja' Physical Memory: 16087 MB
BatchMode: 1, IsHumanControllingUs: 0, StartBugReporterOnCrash: 0, Is64bit: 1, IsPro: 1

COMMAND LINE ARGUMENTS:
C:\Program Files\Unity\Hub\Editor\2022.3.42f1\Editor\Unity.exe
-adb2
-batchMode
-noUpm
-name
AssetImportWorker0
-projectPath
C:/repos/unity_create/Fisher
-logFile
Logs/AssetImportWorker0.log
-srvPort
49939
Successfully changed project path to: C:/repos/unity_create/Fisher
C:/repos/unity_create/Fisher
[UnityMemory] Configuration Parameters - Can be set up in boot.config
    "memorysetup-bucket-allocator-granularity=16"
    "memorysetup-bucket-allocator-bucket-count=8"
    "memorysetup-bucket-allocator-block-size=33554432"
    "memorysetup-bucket-allocator-block-count=8"
    "memorysetup-main-allocator-block-size=16777216"
    "memorysetup-thread-allocator-block-size=16777216"
    "memorysetup-gfx-main-allocator-block-size=16777216"
    "memorysetup-gfx-thread-allocator-block-size=16777216"
    "memorysetup-cache-allocator-block-size=4194304"
    "memorysetup-typetree-allocator-block-size=2097152"
    "memorysetup-profiler-bucket-allocator-granularity=16"
    "memorysetup-profiler-bucket-allocator-bucket-count=8"
    "memorysetup-profiler-bucket-allocator-block-size=33554432"
    "memorysetup-profiler-bucket-allocator-block-count=8"
    "memorysetup-profiler-allocator-block-size=16777216"
    "memorysetup-profiler-editor-allocator-block-size=1048576"
    "memorysetup-temp-allocator-size-main=16777216"
    "memorysetup-job-temp-allocator-block-size=2097152"
    "memorysetup-job-temp-allocator-block-size-background=1048576"
    "memorysetup-job-temp-allocator-reduction-small-platforms=262144"
    "memorysetup-allocator-temp-initial-block-size-main=262144"
    "memorysetup-allocator-temp-initial-block-size-worker=262144"
    "memorysetup-temp-allocator-size-background-worker=32768"
    "memorysetup-temp-allocator-size-job-worker=262144"
    "memorysetup-temp-allocator-size-preload-manager=33554432"
    "memorysetup-temp-allocator-size-nav-mesh-worker=65536"
    "memorysetup-temp-allocator-size-audio-worker=65536"
    "memorysetup-temp-allocator-size-cloud-worker=32768"
    "memorysetup-temp-allocator-size-gi-baking-worker=262144"
    "memorysetup-temp-allocator-size-gfx=262144"
Player connection [22300]  Target information:

Player connection [22300]  * "[IP] 192.168.0.7 [Port] 0 [Flags] 2 [Guid] 1572120114 [EditorId] 1572120114 [Version] 1048832 [Id] WindowsEditor(7,MSI) [Debug] 1 [PackageName] WindowsEditor [ProjectName] Editor" 

Player connection [22300] Host joined multi-casting on [225.0.0.222:54997]...
Player connection [22300] Host joined alternative multi-casting on [225.0.0.222:34997]...
[PhysX] Initialized MultithreadedTaskDispatcher with 16 workers.
Refreshing native plugins compatible for Editor in 6549.51 ms, found 3 plugins.
Preloading 0 native plugins for Editor in 0.00 ms.
Initialize engine version: 2022.3.42f1 (2dcb6a0abc42)
[Subsystems] Discovering subsystems at path C:/Program Files/Unity/Hub/Editor/2022.3.42f1/Editor/Data/Resources/UnitySubsystems
[Subsystems] Discovering subsystems at path C:/repos/unity_create/Fisher/Assets
GfxDevice: creating device client; threaded=0; jobified=0
Direct3D:
    Version:  Direct3D 11.0 [level 11.1]
    Renderer: NVIDIA GeForce RTX 4060 Laptop GPU (ID=0x28a0)
    Vendor:   NVIDIA
    VRAM:     7957 MB
    Driver:   32.0.15.6636
Initialize mono
Mono path[0] = 'C:/Program Files/Unity/Hub/Editor/2022.3.42f1/Editor/Data/Managed'
Mono path[1] = 'C:/Program Files/Unity/Hub/Editor/2022.3.42f1/Editor/Data/MonoBleedingEdge/lib/mono/unityjit-win32'
Mono config path = 'C:/Program Files/Unity/Hub/Editor/2022.3.42f1/Editor/Data/MonoBleedingEdge/etc'
Using monoOptions --debugger-agent=transport=dt_socket,embedding=1,server=y,suspend=n,address=127.0.0.1:56296
Begin MonoManager ReloadAssembly
Registering precompiled unity dll's ...
Register platform support module: C:/Program Files/Unity/Hub/Editor/2022.3.42f1/Editor/Data/PlaybackEngines/WindowsStandaloneSupport/UnityEditor.WindowsStandalone.Extensions.dll
Registered in 0.626841 seconds.
- Loaded All Assemblies, in 27.110 seconds
Native extension for WindowsStandalone target not found
Mono: successfully reloaded assembly
- Finished resetting the current domain, in  0.286 seconds
Domain Reload Profiling: 27395ms
	BeginReloadAssembly (20750ms)
		ExecutionOrderSort (0ms)
		DisableScriptedObjects (0ms)
		BackupInstance (0ms)
		ReleaseScriptingObjects (0ms)
		CreateAndSetChildDomain (1ms)
	RebuildCommonClasses (1762ms)
	RebuildNativeTypeToScriptingClass (7ms)
	initialDomainReloadingComplete (669ms)
	LoadAllAssembliesAndSetupDomain (3921ms)
		LoadAssemblies (20748ms)
		RebuildTransferFunctionScriptingTraits (0ms)
		AnalyzeDomain (3920ms)
			TypeCache.Refresh (3918ms)
				TypeCache.ScanAssembly (2824ms)
			ScanForSourceGeneratedMonoScriptInfo (0ms)
			ResolveRequiredComponents (0ms)
	FinalizeReload (287ms)
		ReleaseScriptCaches (0ms)
		RebuildScriptCaches (0ms)
		SetupLoadedEditorAssemblies (241ms)
			LogAssemblyErrors (0ms)
			InitializePlatformSupportModulesInManaged (8ms)
			SetLoadedEditorAssemblies (6ms)
			RefreshPlugins (0ms)
			BeforeProcessingInitializeOnLoad (2ms)
			ProcessInitializeOnLoadAttributes (113ms)
			ProcessInitializeOnLoadMethodAttributes (113ms)
			AfterProcessingInitializeOnLoad (0ms)
			EditorAssembliesLoaded (0ms)
		ExecutionOrderSort2 (0ms)
		AwakeInstancesAfterBackupRestoration (0ms)
========================================================================
Worker process is ready to serve import requests
Caller must complete domain reload
Begin MonoManager ReloadAssembly
- Loaded All Assemblies, in 23.688 seconds
Native extension for WindowsStandalone target not found
Package Manager log level set to [2]
[Package Manager] Server::EnsureServerProcessIsRunning -- launch failed, reason: Unity was launched with the -noUpm command-line argument
[Package Manager] UpmClient::Send -- Unable to send message (not connected to UPM process).
[Package Manager] Cannot connect to Unity Package Manager local server
Mono: successfully reloaded assembly
- Finished resetting the current domain, in  0.651 seconds
Domain Reload Profiling: 24337ms
	BeginReloadAssembly (120ms)
		ExecutionOrderSort (0ms)
		DisableScriptedObjects (4ms)
		BackupInstance (0ms)
		ReleaseScriptingObjects (0ms)
		CreateAndSetChildDomain (17ms)
	RebuildCommonClasses (22ms)
	RebuildNativeTypeToScriptingClass (7ms)
	initialDomainReloadingComplete (31ms)
	LoadAllAssembliesAndSetupDomain (23506ms)
		LoadAssemblies (21215ms)
		RebuildTransferFunctionScriptingTraits (0ms)
		AnalyzeDomain (2365ms)
			TypeCache.Refresh (2348ms)
				TypeCache.ScanAssembly (2062ms)
			ScanForSourceGeneratedMonoScriptInfo (12ms)
			ResolveRequiredComponents (3ms)
	FinalizeReload (651ms)
		ReleaseScriptCaches (0ms)
		RebuildScriptCaches (0ms)
		SetupLoadedEditorAssemblies (550ms)
			LogAssemblyErrors (0ms)
			InitializePlatformSupportModulesInManaged (5ms)
			SetLoadedEditorAssemblies (5ms)
			RefreshPlugins (0ms)
			BeforeProcessingInitializeOnLoad (48ms)
			ProcessInitializeOnLoadAttributes (469ms)
			ProcessInitializeOnLoadMethodAttributes (15ms)
			AfterProcessingInitializeOnLoad (7ms)
			EditorAssembliesLoaded (0ms)
		ExecutionOrderSort2 (0ms)
		AwakeInstancesAfterBackupRestoration (6ms)
Launched and connected shader compiler UnityShaderCompiler.exe after 0.20 seconds
Refreshing native plugins compatible for Editor in 7.00 ms, found 3 plugins.
Preloading 0 native plugins for Editor in 0.00 ms.
Unloading 3102 Unused Serialized files (Serialized files now loaded: 0)
Unloading 19 unused Assets / (55.1 KB). Loaded Objects now: 3568.
Memory consumption went from 127.2 MB to 127.1 MB.
Total: 3.238200 ms (FindLiveObjects: 0.197800 ms CreateObjectMapping: 0.077300 ms MarkObjects: 2.879100 ms  DeleteObjects: 0.083200 ms)

AssetImportParameters requested are different than current active one (requested -> active):
  custom:container-demuxer-ogg: 62fdf1f143b41e24485cea50d1cbac27 -> 
  custom:video-codec-MediaFoundation-h265: 746d11721c4dcdbdad8f713fa42b33f4 -> 
  custom:video-decoder-ogg-theora: a1e56fd34408186e4bbccfd4996cb3dc -> 
  custom:framework-win-MediaFoundation: 216162199b28c13a410421893ffa2e32 -> 
  custom:CustomObjectIndexerAttribute: 9a22284fe3817be447336de3de66b15e -> 
  custom:container-demuxer-webm: 4f35f7cbe854078d1ac9338744f61a02 -> 
  custom:container-muxer-webm: aa71ff27fc2769a1b78a27578f13a17b -> 
  custom:video-decoder-webm-vp8: 9c59270c3fd7afecdb556c50c9e8de78 -> 
  custom:SearchIndexIgnoredProperties: e643bd26f0fe6173181afceb89e7c659 -> 
  custom:AudioImporter_EditorPlatform: d09bf68614088b80899f8185d706f6e7 -> 
  custom:video-encoder-webm-vp8: eb34c28f22e8b96e1ab97ce403110664 -> 
  custom:audio-decoder-ogg-vorbis: bf7c407c2cedff20999df2af8eb42d56 -> 
  custom:audio-encoder-webm-vorbis: bf7c407c2cedff20999df2af8eb42d56 -> 
========================================================================
Received Import Request.
  Time since last request: 1383367.107693 seconds.
  path: Assets/Scenes/GameMain.unity
  artifactKey: Guid(6b711f1c29d49d941a522a3e3379dfd0) Importer(815301076,1909f56bfc062723c751e8b465ee728b)
Start importing Assets/Scenes/GameMain.unity using Guid(6b711f1c29d49d941a522a3e3379dfd0) Importer(815301076,1909f56bfc062723c751e8b465ee728b) [PhysX] Initialized MultithreadedTaskDispatcher with 16 workers.
 -> (artifact id: '3fbe81702df4567f9f5f4e1f82c81ffa') in 0.003368 seconds
Number of updated asset objects reloaded before import = 0
Number of asset objects unloaded after import = 0
========================================================================
Received Prepare
Caller must complete domain reload
Begin MonoManager ReloadAssembly
- Loaded All Assemblies, in  7.923 seconds
Native extension for WindowsStandalone target not found
[Package Manager] Server::EnsureServerProcessIsRunning -- launch failed, reason: Unity was launched with the -noUpm command-line argument
[Package Manager] UpmClient::Send -- Unable to send message (not connected to UPM process).
[Package Manager] Cannot connect to Unity Package Manager local server
Mono: successfully reloaded assembly
- Finished resetting the current domain, in 33.062 seconds
Domain Reload Profiling: 40983ms
	BeginReloadAssembly (127ms)
		ExecutionOrderSort (0ms)
		DisableScriptedObjects (3ms)
		BackupInstance (0ms)
		ReleaseScriptingObjects (0ms)
		CreateAndSetChildDomain (27ms)
	RebuildCommonClasses (26ms)
	RebuildNativeTypeToScriptingClass (7ms)
	initialDomainReloadingComplete (24ms)
	LoadAllAssembliesAndSetupDomain (7736ms)
		LoadAssemblies (7785ms)
		RebuildTransferFunctionScriptingTraits (0ms)
		AnalyzeDomain (18ms)
			TypeCache.Refresh (7ms)
				TypeCache.ScanAssembly (0ms)
			ScanForSourceGeneratedMonoScriptInfo (5ms)
			ResolveRequiredComponents (4ms)
	FinalizeReload (33063ms)
		ReleaseScriptCaches (0ms)
		RebuildScriptCaches (0ms)
		SetupLoadedEditorAssemblies (304ms)
			LogAssemblyErrors (0ms)
			InitializePlatformSupportModulesInManaged (6ms)
			SetLoadedEditorAssemblies (4ms)
			RefreshPlugins (0ms)
			BeforeProcessingInitializeOnLoad (47ms)
			ProcessInitializeOnLoadAttributes (226ms)
			ProcessInitializeOnLoadMethodAttributes (15ms)
			AfterProcessingInitializeOnLoad (6ms)
			EditorAssembliesLoaded (0ms)
		ExecutionOrderSort2 (0ms)
		AwakeInstancesAfterBackupRestoration (6ms)
Refreshing native plugins compatible for Editor in 7.76 ms, found 3 plugins.
Preloading 0 native plugins for Editor in 0.00 ms.
Unloading 3082 Unused Serialized files (Serialized files now loaded: 0)
Unloading 14 unused Assets / (28.6 KB). Loaded Objects now: 3572.
Memory consumption went from 123.6 MB to 123.5 MB.
Total: 3.352800 ms (FindLiveObjects: 0.185600 ms CreateObjectMapping: 0.075900 ms MarkObjects: 3.047800 ms  DeleteObjects: 0.042500 ms)

Prepare: number of updated asset objects reloaded= 0
AssetImportParameters requested are different than current active one (requested -> active):
  custom:container-demuxer-ogg: 62fdf1f143b41e24485cea50d1cbac27 -> 
  custom:video-codec-MediaFoundation-h265: 746d11721c4dcdbdad8f713fa42b33f4 -> 
  custom:video-decoder-ogg-theora: a1e56fd34408186e4bbccfd4996cb3dc -> 
  custom:framework-win-MediaFoundation: 216162199b28c13a410421893ffa2e32 -> 
  custom:scripting/monoscript/fileName/Breakable.cs: 180eceb9da0a448a47bc78974534fffc -> 
  custom:CustomObjectIndexerAttribute: 9a22284fe3817be447336de3de66b15e -> 
  custom:container-demuxer-webm: 4f35f7cbe854078d1ac9338744f61a02 -> 
  custom:container-muxer-webm: aa71ff27fc2769a1b78a27578f13a17b -> 
  custom:video-decoder-webm-vp8: 9c59270c3fd7afecdb556c50c9e8de78 -> 
  custom:SearchIndexIgnoredProperties: e643bd26f0fe6173181afceb89e7c659 -> 
  custom:AudioImporter_EditorPlatform: d09bf68614088b80899f8185d706f6e7 -> 
  custom:video-encoder-webm-vp8: eb34c28f22e8b96e1ab97ce403110664 -> 
  custom:audio-decoder-ogg-vorbis: bf7c407c2cedff20999df2af8eb42d56 -> 
  custom:audio-encoder-webm-vorbis: bf7c407c2cedff20999df2af8eb42d56 -> 
  custom:scripting/precompiled-assembly-types:Assembly-CSharp: 79b0a2634aa9df83d9058957317b6534 -> 
========================================================================
Received Import Request.
  Time since last request: 4748.744538 seconds.
  path: Assets/WeaponsAndPropsAssetPack_NAS/Prefabs
  artifactKey: Guid(6180e8a75e7a11b4083257bd18aa9a30) Importer(815301076,1909f56bfc062723c751e8b465ee728b)
Start importing Assets/WeaponsAndPropsAssetPack_NAS/Prefabs using Guid(6180e8a75e7a11b4083257bd18aa9a30) Importer(815301076,1909f56bfc062723c751e8b465ee728b) [PhysX] Initialized MultithreadedTaskDispatcher with 16 workers.
 -> (artifact id: '062cf3023df3c684c478f3d379e8faad') in 0.002605 seconds
Number of updated asset objects reloaded before import = 0
Number of asset objects unloaded after import = 0
========================================================================
Received Import Request.
  Time since last request: 6.889100 seconds.
  path: Assets/WeaponsAndPropsAssetPack_NAS/Prefabs/Magical
  artifactKey: Guid(54c2cf70ddb3bbb4e9a602ff55803baa) Importer(815301076,1909f56bfc062723c751e8b465ee728b)
Start importing Assets/WeaponsAndPropsAssetPack_NAS/Prefabs/Magical using Guid(54c2cf70ddb3bbb4e9a602ff55803baa) Importer(815301076,1909f56bfc062723c751e8b465ee728b) [PhysX] Initialized MultithreadedTaskDispatcher with 16 workers.
 -> (artifact id: 'ab1da2bc6625a57a926985d58481816c') in 0.000603 seconds
Number of updated asset objects reloaded before import = 0
Number of asset objects unloaded after import = 0
========================================================================
Received Import Request.
  Time since last request: 0.101452 seconds.
  path: Assets/WeaponsAndPropsAssetPack_NAS/Prefabs/Magical/ScytheHandleBlue.prefab
  artifactKey: Guid(a0062b0031e5b34408688be05c8be4f6) Importer(815301076,1909f56bfc062723c751e8b465ee728b)
Start importing Assets/WeaponsAndPropsAssetPack_NAS/Prefabs/Magical/ScytheHandleBlue.prefab using Guid(a0062b0031e5b34408688be05c8be4f6) Importer(815301076,1909f56bfc062723c751e8b465ee728b) [PhysX] Initialized MultithreadedTaskDispatcher with 16 workers.
[PhysX] Initialized MultithreadedTaskDispatcher with 16 workers.
 -> (artifact id: 'acfb14e7e095527cd0eed970169244b6') in 0.127873 seconds
Number of updated asset objects reloaded before import = 0
Number of asset objects unloaded after import = 118
========================================================================
Received Import Request.
  Time since last request: 0.022370 seconds.
  path: Assets/WeaponsAndPropsAssetPack_NAS/Prefabs/Magical/ScytheHandleYellow.prefab
  artifactKey: Guid(44b1b8135c7eec44b81b5cacd98e48f7) Importer(815301076,1909f56bfc062723c751e8b465ee728b)
Start importing Assets/WeaponsAndPropsAssetPack_NAS/Prefabs/Magical/ScytheHandleYellow.prefab using Guid(44b1b8135c7eec44b81b5cacd98e48f7) Importer(815301076,1909f56bfc062723c751e8b465ee728b) [PhysX] Initialized MultithreadedTaskDispatcher with 16 workers.
[PhysX] Initialized MultithreadedTaskDispatcher with 16 workers.
 -> (artifact id: 'ac7b13f35709eac26974c66c009c8e70') in 0.013934 seconds
Number of updated asset objects reloaded before import = 0
Number of asset objects unloaded after import = 118
========================================================================
Received Import Request.
  Time since last request: 0.000017 seconds.
  path: Assets/WeaponsAndPropsAssetPack_NAS/Prefabs/Magical/StaffDetailsOrange.prefab
  artifactKey: Guid(e0ffc626cf416e84bafaedf6ab85d07f) Importer(815301076,1909f56bfc062723c751e8b465ee728b)
Start importing Assets/WeaponsAndPropsAssetPack_NAS/Prefabs/Magical/StaffDetailsOrange.prefab using Guid(e0ffc626cf416e84bafaedf6ab85d07f) Importer(815301076,1909f56bfc062723c751e8b465ee728b) [PhysX] Initialized MultithreadedTaskDispatcher with 16 workers.
[PhysX] Initialized MultithreadedTaskDispatcher with 16 workers.
 -> (artifact id: 'b9890818bb53cf93da7e6cae26d2ab9c') in 0.027468 seconds
Number of updated asset objects reloaded before import = 0
Number of asset objects unloaded after import = 66
========================================================================
Received Import Request.
  Time since last request: 0.000019 seconds.
  path: Assets/WeaponsAndPropsAssetPack_NAS/Prefabs/Magical/StaffDetailsGreen.prefab
  artifactKey: Guid(6ac11450ae2934f48b5949305b74f9a0) Importer(815301076,1909f56bfc062723c751e8b465ee728b)
Start importing Assets/WeaponsAndPropsAssetPack_NAS/Prefabs/Magical/StaffDetailsGreen.prefab using Guid(6ac11450ae2934f48b5949305b74f9a0) Importer(815301076,1909f56bfc062723c751e8b465ee728b) [PhysX] Initialized MultithreadedTaskDispatcher with 16 workers.
[PhysX] Initialized MultithreadedTaskDispatcher with 16 workers.
 -> (artifact id: '6303db0e1ad611f28c33feea5795f9b1') in 0.030617 seconds
Number of updated asset objects reloaded before import = 0
Number of asset objects unloaded after import = 66
========================================================================
Received Import Request.
  Time since last request: 0.000021 seconds.
  path: Assets/WeaponsAndPropsAssetPack_NAS/Prefabs/Magical/ScytheHandlePurple.prefab
  artifactKey: Guid(b5d692670af68a2499210e6ad0d59816) Importer(815301076,1909f56bfc062723c751e8b465ee728b)
Start importing Assets/WeaponsAndPropsAssetPack_NAS/Prefabs/Magical/ScytheHandlePurple.prefab using Guid(b5d692670af68a2499210e6ad0d59816) Importer(815301076,1909f56bfc062723c751e8b465ee728b) [PhysX] Initialized MultithreadedTaskDispatcher with 16 workers.
[PhysX] Initialized MultithreadedTaskDispatcher with 16 workers.
 -> (artifact id: '2eb8cb2a1b294237ef71ee242feb861e') in 0.010672 seconds
Number of updated asset objects reloaded before import = 0
Number of asset objects unloaded after import = 118
========================================================================
Received Import Request.
  Time since last request: 1.728033 seconds.
  path: Assets/WeaponsAndPropsAssetPack_NAS/Prefabs/Magical/StaffDetailsPurple.prefab
  artifactKey: Guid(c4ee0b6d72a876743a277264ff490782) Importer(815301076,1909f56bfc062723c751e8b465ee728b)
Start importing Assets/WeaponsAndPropsAssetPack_NAS/Prefabs/Magical/StaffDetailsPurple.prefab using Guid(c4ee0b6d72a876743a277264ff490782) Importer(815301076,1909f56bfc062723c751e8b465ee728b) [PhysX] Initialized MultithreadedTaskDispatcher with 16 workers.
[PhysX] Initialized MultithreadedTaskDispatcher with 16 workers.
 -> (artifact id: 'f66c6b06c42715b49a26359b04cf3f27') in 0.036734 seconds
Number of updated asset objects reloaded before import = 0
Number of asset objects unloaded after import = 37
========================================================================
Received Import Request.
  Time since last request: 0.024454 seconds.
  path: Assets/WeaponsAndPropsAssetPack_NAS/Prefabs/Magical/StaffDetailsYellow.prefab
  artifactKey: Guid(f289eb043ea229642b61b63fab4d4b6b) Importer(815301076,1909f56bfc062723c751e8b465ee728b)
Start importing Assets/WeaponsAndPropsAssetPack_NAS/Prefabs/Magical/StaffDetailsYellow.prefab using Guid(f289eb043ea229642b61b63fab4d4b6b) Importer(815301076,1909f56bfc062723c751e8b465ee728b) [PhysX] Initialized MultithreadedTaskDispatcher with 16 workers.
[PhysX] Initialized MultithreadedTaskDispatcher with 16 workers.
 -> (artifact id: 'f87d8831324ae1c3e1cf62b0ccfea971') in 0.010080 seconds
Number of updated asset objects reloaded before import = 0
Number of asset objects unloaded after import = 66
========================================================================
Received Import Request.
  Time since last request: 0.345156 seconds.
  path: Assets/WeaponsAndPropsAssetPack_NAS/Prefabs/Magical/Wand.prefab
  artifactKey: Guid(05b4dc09cb1c65345b92d8bdcfa596db) Importer(815301076,1909f56bfc062723c751e8b465ee728b)
Start importing Assets/WeaponsAndPropsAssetPack_NAS/Prefabs/Magical/Wand.prefab using Guid(05b4dc09cb1c65345b92d8bdcfa596db) Importer(815301076,1909f56bfc062723c751e8b465ee728b) [PhysX] Initialized MultithreadedTaskDispatcher with 16 workers.
[PhysX] Initialized MultithreadedTaskDispatcher with 16 workers.
 -> (artifact id: '17201e3faa13aaca3260ef98c37adbc6') in 0.046735 seconds
Number of updated asset objects reloaded before import = 0
Number of asset objects unloaded after import = 190
========================================================================
Received Import Request.
  Time since last request: 38.018505 seconds.
  path: Assets/WeaponsAndPropsAssetPack_NAS/Assets/Tools, Weapons And Props/AssetsPack-01-NAS-bag.fbx
  artifactKey: Guid(18beb5cac3ad6ec47bc3b63e6a0f18b0) Importer(815301076,1909f56bfc062723c751e8b465ee728b)
Start importing Assets/WeaponsAndPropsAssetPack_NAS/Assets/Tools, Weapons And Props/AssetsPack-01-NAS-bag.fbx using Guid(18beb5cac3ad6ec47bc3b63e6a0f18b0) Importer(815301076,1909f56bfc062723c751e8b465ee728b) [PhysX] Initialized MultithreadedTaskDispatcher with 16 workers.
[PhysX] Initialized MultithreadedTaskDispatcher with 16 workers.
[PhysX] Initialized MultithreadedTaskDispatcher with 16 workers.
[PhysX] Initialized MultithreadedTaskDispatcher with 16 workers.
[PhysX] Initialized MultithreadedTaskDispatcher with 16 workers.
[PhysX] Initialized MultithreadedTaskDispatcher with 16 workers.
 -> (artifact id: '207611391bfd2af967c500ed9451e485') in 0.080906 seconds
Number of updated asset objects reloaded before import = 0
Number of asset objects unloaded after import = 17
========================================================================
Received Import Request.
  Time since last request: 0.000032 seconds.
  path: Assets/WeaponsAndPropsAssetPack_NAS/Assets/Tools, Weapons And Props/AssetsPack-01-NAS-metal-bat.fbx
  artifactKey: Guid(b0c30298c82b95c47a5cd5b40355fe5a) Importer(815301076,1909f56bfc062723c751e8b465ee728b)
Start importing Assets/WeaponsAndPropsAssetPack_NAS/Assets/Tools, Weapons And Props/AssetsPack-01-NAS-metal-bat.fbx using Guid(b0c30298c82b95c47a5cd5b40355fe5a) Importer(815301076,1909f56bfc062723c751e8b465ee728b) [PhysX] Initialized MultithreadedTaskDispatcher with 16 workers.
[PhysX] Initialized MultithreadedTaskDispatcher with 16 workers.
[PhysX] Initialized MultithreadedTaskDispatcher with 16 workers.
[PhysX] Initialized MultithreadedTaskDispatcher with 16 workers.
[PhysX] Initialized MultithreadedTaskDispatcher with 16 workers.
[PhysX] Initialized MultithreadedTaskDispatcher with 16 workers.
[PhysX] Initialized MultithreadedTaskDispatcher with 16 workers.
[PhysX] Initialized MultithreadedTaskDispatcher with 16 workers.
[PhysX] Initialized MultithreadedTaskDispatcher with 16 workers.
[PhysX] Initialized MultithreadedTaskDispatcher with 16 workers.
[PhysX] Initialized MultithreadedTaskDispatcher with 16 workers.
[PhysX] Initialized MultithreadedTaskDispatcher with 16 workers.
[PhysX] Initialized MultithreadedTaskDispatcher with 16 workers.
 -> (artifact id: '4e00340d7e3cd108093a5b335e0969bd') in 0.121608 seconds
Number of updated asset objects reloaded before import = 0
Number of asset objects unloaded after import = 35
========================================================================
Received Import Request.
  Time since last request: 0.000034 seconds.
  path: Assets/WeaponsAndPropsAssetPack_NAS/Assets/Tools, Weapons And Props/AssetsPack-01-NAS-flutes.fbx
  artifactKey: Guid(17a9536a3bd837d49998556f69838a5b) Importer(815301076,1909f56bfc062723c751e8b465ee728b)
Start importing Assets/WeaponsAndPropsAssetPack_NAS/Assets/Tools, Weapons And Props/AssetsPack-01-NAS-flutes.fbx using Guid(17a9536a3bd837d49998556f69838a5b) Importer(815301076,1909f56bfc062723c751e8b465ee728b) [PhysX] Initialized MultithreadedTaskDispatcher with 16 workers.
[PhysX] Initialized MultithreadedTaskDispatcher with 16 workers.
[PhysX] Initialized MultithreadedTaskDispatcher with 16 workers.
[PhysX] Initialized MultithreadedTaskDispatcher with 16 workers.
[PhysX] Initialized MultithreadedTaskDispatcher with 16 workers.
[PhysX] Initialized MultithreadedTaskDispatcher with 16 workers.
[PhysX] Initialized MultithreadedTaskDispatcher with 16 workers.
 -> (artifact id: 'dffd1a7d189aa7a88d040f6829ce774f') in 0.065293 seconds
Number of updated asset objects reloaded before import = 0
Number of asset objects unloaded after import = 23
========================================================================
Received Import Request.
  Time since last request: 2.032399 seconds.
  path: Assets/WeaponsAndPropsAssetPack_NAS/Assets/Tools, Weapons And Props/AssetsPack-01-NAS-metal-knives.fbx
  artifactKey: Guid(4efc0f08d21859a479278b56c1a23510) Importer(815301076,1909f56bfc062723c751e8b465ee728b)
Start importing Assets/WeaponsAndPropsAssetPack_NAS/Assets/Tools, Weapons And Props/AssetsPack-01-NAS-metal-knives.fbx using Guid(4efc0f08d21859a479278b56c1a23510) Importer(815301076,1909f56bfc062723c751e8b465ee728b) [PhysX] Initialized MultithreadedTaskDispatcher with 16 workers.
[PhysX] Initialized MultithreadedTaskDispatcher with 16 workers.
[PhysX] Initialized MultithreadedTaskDispatcher with 16 workers.
[PhysX] Initialized MultithreadedTaskDispatcher with 16 workers.
[PhysX] Initialized MultithreadedTaskDispatcher with 16 workers.
[PhysX] Initialized MultithreadedTaskDispatcher with 16 workers.
[PhysX] Initialized MultithreadedTaskDispatcher with 16 workers.
[PhysX] Initialized MultithreadedTaskDispatcher with 16 workers.
[PhysX] Initialized MultithreadedTaskDispatcher with 16 workers.
[PhysX] Initialized MultithreadedTaskDispatcher with 16 workers.
[PhysX] Initialized MultithreadedTaskDispatcher with 16 workers.
[PhysX] Initialized MultithreadedTaskDispatcher with 16 workers.
[PhysX] Initialized MultithreadedTaskDispatcher with 16 workers.
[PhysX] Initialized MultithreadedTaskDispatcher with 16 workers.
[PhysX] Initialized MultithreadedTaskDispatcher with 16 workers.
 -> (artifact id: 'a78222e80827afbba526732b673f3c19') in 0.082461 seconds
Number of updated asset objects reloaded before import = 0
Number of asset objects unloaded after import = 41
========================================================================
Received Import Request.
  Time since last request: 1.317787 seconds.
  path: Assets/WeaponsAndPropsAssetPack_NAS/Assets/Tools, Weapons And Props/AssetsPack-01-NAS-scythes.fbx
  artifactKey: Guid(e47d22c176beb14498e38eda8333a774) Importer(815301076,1909f56bfc062723c751e8b465ee728b)
Start importing Assets/WeaponsAndPropsAssetPack_NAS/Assets/Tools, Weapons And Props/AssetsPack-01-NAS-scythes.fbx using Guid(e47d22c176beb14498e38eda8333a774) Importer(815301076,1909f56bfc062723c751e8b465ee728b) [PhysX] Initialized MultithreadedTaskDispatcher with 16 workers.
[PhysX] Initialized MultithreadedTaskDispatcher with 16 workers.
[PhysX] Initialized MultithreadedTaskDispatcher with 16 workers.
[PhysX] Initialized MultithreadedTaskDispatcher with 16 workers.
[PhysX] Initialized MultithreadedTaskDispatcher with 16 workers.
[PhysX] Initialized MultithreadedTaskDispatcher with 16 workers.
[PhysX] Initialized MultithreadedTaskDispatcher with 16 workers.
[PhysX] Initialized MultithreadedTaskDispatcher with 16 workers.
[PhysX] Initialized MultithreadedTaskDispatcher with 16 workers.
[PhysX] Initialized MultithreadedTaskDispatcher with 16 workers.
[PhysX] Initialized MultithreadedTaskDispatcher with 16 workers.
[PhysX] Initialized MultithreadedTaskDispatcher with 16 workers.
[PhysX] Initialized MultithreadedTaskDispatcher with 16 workers.
[PhysX] Initialized MultithreadedTaskDispatcher with 16 workers.
[PhysX] Initialized MultithreadedTaskDispatcher with 16 workers.
[PhysX] Initialized MultithreadedTaskDispatcher with 16 workers.
[PhysX] Initialized MultithreadedTaskDispatcher with 16 workers.
 -> (artifact id: '15fd5da261598aa1ee1db52f8b3d92b5') in 0.082449 seconds
Number of updated asset objects reloaded before import = 0
Number of asset objects unloaded after import = 45
========================================================================
Received Import Request.
  Time since last request: 1.123719 seconds.
  path: Assets/WeaponsAndPropsAssetPack_NAS/Assets/Tools, Weapons And Props/AssetsPack-01-NAS-stone-axes.fbx
  artifactKey: Guid(e225c47528ddaa84fb8efdd7b9455f38) Importer(815301076,1909f56bfc062723c751e8b465ee728b)
Start importing Assets/WeaponsAndPropsAssetPack_NAS/Assets/Tools, Weapons And Props/AssetsPack-01-NAS-stone-axes.fbx using Guid(e225c47528ddaa84fb8efdd7b9455f38) Importer(815301076,1909f56bfc062723c751e8b465ee728b) [PhysX] Initialized MultithreadedTaskDispatcher with 16 workers.
[PhysX] Initialized MultithreadedTaskDispatcher with 16 workers.
[PhysX] Initialized MultithreadedTaskDispatcher with 16 workers.
 -> (artifact id: '75235084349aff46affa7160ec04b780') in 0.032518 seconds
Number of updated asset objects reloaded before import = 0
Number of asset objects unloaded after import = 10
========================================================================
Received Import Request.
  Time since last request: 0.310055 seconds.
  path: Assets/WeaponsAndPropsAssetPack_NAS/Assets/Tools, Weapons And Props/AssetsPack-01-NAS-stone-knife.fbx
  artifactKey: Guid(63aff12dcdc0a2b41ac01c53feb702be) Importer(815301076,1909f56bfc062723c751e8b465ee728b)
Start importing Assets/WeaponsAndPropsAssetPack_NAS/Assets/Tools, Weapons And Props/AssetsPack-01-NAS-stone-knife.fbx using Guid(63aff12dcdc0a2b41ac01c53feb702be) Importer(815301076,1909f56bfc062723c751e8b465ee728b) [PhysX] Initialized MultithreadedTaskDispatcher with 16 workers.
[PhysX] Initialized MultithreadedTaskDispatcher with 16 workers.
[PhysX] Initialized MultithreadedTaskDispatcher with 16 workers.
[PhysX] Initialized MultithreadedTaskDispatcher with 16 workers.
[PhysX] Initialized MultithreadedTaskDispatcher with 16 workers.
 -> (artifact id: '3d6402602ba0b1908a7a107f141ac4dd') in 0.042000 seconds
Number of updated asset objects reloaded before import = 0
Number of asset objects unloaded after import = 15
========================================================================
Received Import Request.
  Time since last request: 0.312090 seconds.
  path: Assets/WeaponsAndPropsAssetPack_NAS/Assets/Tools, Weapons And Props/AssetsPack-01-NAS-wand-handles.fbx
  artifactKey: Guid(932c19a2d2299ba4a9911ffdcbee070d) Importer(815301076,1909f56bfc062723c751e8b465ee728b)
Start importing Assets/WeaponsAndPropsAssetPack_NAS/Assets/Tools, Weapons And Props/AssetsPack-01-NAS-wand-handles.fbx using Guid(932c19a2d2299ba4a9911ffdcbee070d) Importer(815301076,1909f56bfc062723c751e8b465ee728b) [PhysX] Initialized MultithreadedTaskDispatcher with 16 workers.
[PhysX] Initialized MultithreadedTaskDispatcher with 16 workers.
[PhysX] Initialized MultithreadedTaskDispatcher with 16 workers.
[PhysX] Initialized MultithreadedTaskDispatcher with 16 workers.
[PhysX] Initialized MultithreadedTaskDispatcher with 16 workers.
[PhysX] Initialized MultithreadedTaskDispatcher with 16 workers.
[PhysX] Initialized MultithreadedTaskDispatcher with 16 workers.
[PhysX] Initialized MultithreadedTaskDispatcher with 16 workers.
[PhysX] Initialized MultithreadedTaskDispatcher with 16 workers.
[PhysX] Initialized MultithreadedTaskDispatcher with 16 workers.
[PhysX] Initialized MultithreadedTaskDispatcher with 16 workers.
[PhysX] Initialized MultithreadedTaskDispatcher with 16 workers.
[PhysX] Initialized MultithreadedTaskDispatcher with 16 workers.
[PhysX] Initialized MultithreadedTaskDispatcher with 16 workers.
[PhysX] Initialized MultithreadedTaskDispatcher with 16 workers.
[PhysX] Initialized MultithreadedTaskDispatcher with 16 workers.
[PhysX] Initialized MultithreadedTaskDispatcher with 16 workers.
[PhysX] Initialized MultithreadedTaskDispatcher with 16 workers.
[PhysX] Initialized MultithreadedTaskDispatcher with 16 workers.
[PhysX] Initialized MultithreadedTaskDispatcher with 16 workers.
[PhysX] Initialized MultithreadedTaskDispatcher with 16 workers.
[PhysX] Initialized MultithreadedTaskDispatcher with 16 workers.
[PhysX] Initialized MultithreadedTaskDispatcher with 16 workers.
[PhysX] Initialized MultithreadedTaskDispatcher with 16 workers.
[PhysX] Initialized MultithreadedTaskDispatcher with 16 workers.
[PhysX] Initialized MultithreadedTaskDispatcher with 16 workers.
[PhysX] Initialized MultithreadedTaskDispatcher with 16 workers.
[PhysX] Initialized MultithreadedTaskDispatcher with 16 workers.
[PhysX] Initialized MultithreadedTaskDispatcher with 16 workers.
[PhysX] Initialized MultithreadedTaskDispatcher with 16 workers.
[PhysX] Initialized MultithreadedTaskDispatcher with 16 workers.
[PhysX] Initialized MultithreadedTaskDispatcher with 16 workers.
 -> (artifact id: 'a5f0887e9ac2a1eae6d52723b5700ebe') in 0.164712 seconds
Number of updated asset objects reloaded before import = 0
Number of asset objects unloaded after import = 82
========================================================================
Received Import Request.
  Time since last request: 0.119277 seconds.
  path: Assets/WeaponsAndPropsAssetPack_NAS/Assets/Tools, Weapons And Props/AssetsPack-01-NAS-wooden-bat.fbx
  artifactKey: Guid(a0d6d8e88c4b70f47bce85a85c5545a9) Importer(815301076,1909f56bfc062723c751e8b465ee728b)
Start importing Assets/WeaponsAndPropsAssetPack_NAS/Assets/Tools, Weapons And Props/AssetsPack-01-NAS-wooden-bat.fbx using Guid(a0d6d8e88c4b70f47bce85a85c5545a9) Importer(815301076,1909f56bfc062723c751e8b465ee728b) [PhysX] Initialized MultithreadedTaskDispatcher with 16 workers.
[PhysX] Initialized MultithreadedTaskDispatcher with 16 workers.
[PhysX] Initialized MultithreadedTaskDispatcher with 16 workers.
[PhysX] Initialized MultithreadedTaskDispatcher with 16 workers.
[PhysX] Initialized MultithreadedTaskDispatcher with 16 workers.
[PhysX] Initialized MultithreadedTaskDispatcher with 16 workers.
[PhysX] Initialized MultithreadedTaskDispatcher with 16 workers.
[PhysX] Initialized MultithreadedTaskDispatcher with 16 workers.
[PhysX] Initialized MultithreadedTaskDispatcher with 16 workers.
[PhysX] Initialized MultithreadedTaskDispatcher with 16 workers.
[PhysX] Initialized MultithreadedTaskDispatcher with 16 workers.
[PhysX] Initialized MultithreadedTaskDispatcher with 16 workers.
[PhysX] Initialized MultithreadedTaskDispatcher with 16 workers.
 -> (artifact id: '237ef9ffd37ed9f9765fcab4b22b465c') in 0.071496 seconds
Number of updated asset objects reloaded before import = 0
Number of asset objects unloaded after import = 35
========================================================================
Received Import Request.
  Time since last request: 20.942231 seconds.
  path: Assets/WeaponsAndPropsAssetPack_NAS/Materials/M_CommonMetallic.mat
  artifactKey: Guid(00bdc46dacab83e44b18a99283242ae6) Importer(815301076,1909f56bfc062723c751e8b465ee728b)
Start importing Assets/WeaponsAndPropsAssetPack_NAS/Materials/M_CommonMetallic.mat using Guid(00bdc46dacab83e44b18a99283242ae6) Importer(815301076,1909f56bfc062723c751e8b465ee728b) [PhysX] Initialized MultithreadedTaskDispatcher with 16 workers.
[PhysX] Initialized MultithreadedTaskDispatcher with 16 workers.
 -> (artifact id: '721d0a7e4f69db53cc51e09574d003f5') in 0.054772 seconds
Number of updated asset objects reloaded before import = 0
Number of asset objects unloaded after import = 3
========================================================================
Received Import Request.
  Time since last request: 34.459889 seconds.
  path: Assets/WeaponsAndPropsAssetPack_NAS/Textures/GradientPalette.png
  artifactKey: Guid(4d6f739919e189e4daf3c5ccb52dead7) Importer(815301076,1909f56bfc062723c751e8b465ee728b)
Start importing Assets/WeaponsAndPropsAssetPack_NAS/Textures/GradientPalette.png using Guid(4d6f739919e189e4daf3c5ccb52dead7) Importer(815301076,1909f56bfc062723c751e8b465ee728b) [PhysX] Initialized MultithreadedTaskDispatcher with 16 workers.
[PhysX] Initialized MultithreadedTaskDispatcher with 16 workers.
 -> (artifact id: 'a559237651ceb072d3c1a8700b04802f') in 0.043396 seconds
Number of updated asset objects reloaded before import = 0
Number of asset objects unloaded after import = 2
