Using pre-set license
Built from '2022.3/staging' branch; Version is '2022.3.42f1 (2dcb6a0abc42) revision 3001194'; Using compiler version '192829333'; Build Type 'Release'
OS: 'Windows 11  (10.0.22631) 64bit Core' Language: 'ja' Physical Memory: 16087 MB
BatchMode: 1, IsHumanControllingUs: 0, StartBugReporterOnCrash: 0, Is64bit: 1, IsPro: 1

COMMAND LINE ARGUMENTS:
C:\Program Files\Unity\Hub\Editor\2022.3.42f1\Editor\Unity.exe
-adb2
-batchMode
-noUpm
-name
AssetImportWorker2
-projectPath
C:/repos/unity_create/Fisher
-logFile
Logs/AssetImportWorker2.log
-srvPort
49939
Successfully changed project path to: C:/repos/unity_create/Fisher
C:/repos/unity_create/Fisher
[UnityMemory] Configuration Parameters - Can be set up in boot.config
    "memorysetup-bucket-allocator-granularity=16"
    "memorysetup-bucket-allocator-bucket-count=8"
    "memorysetup-bucket-allocator-block-size=33554432"
    "memorysetup-bucket-allocator-block-count=8"
    "memorysetup-main-allocator-block-size=16777216"
    "memorysetup-thread-allocator-block-size=16777216"
    "memorysetup-gfx-main-allocator-block-size=16777216"
    "memorysetup-gfx-thread-allocator-block-size=16777216"
    "memorysetup-cache-allocator-block-size=4194304"
    "memorysetup-typetree-allocator-block-size=2097152"
    "memorysetup-profiler-bucket-allocator-granularity=16"
    "memorysetup-profiler-bucket-allocator-bucket-count=8"
    "memorysetup-profiler-bucket-allocator-block-size=33554432"
    "memorysetup-profiler-bucket-allocator-block-count=8"
    "memorysetup-profiler-allocator-block-size=16777216"
    "memorysetup-profiler-editor-allocator-block-size=1048576"
    "memorysetup-temp-allocator-size-main=16777216"
    "memorysetup-job-temp-allocator-block-size=2097152"
    "memorysetup-job-temp-allocator-block-size-background=1048576"
    "memorysetup-job-temp-allocator-reduction-small-platforms=262144"
    "memorysetup-allocator-temp-initial-block-size-main=262144"
    "memorysetup-allocator-temp-initial-block-size-worker=262144"
    "memorysetup-temp-allocator-size-background-worker=32768"
    "memorysetup-temp-allocator-size-job-worker=262144"
    "memorysetup-temp-allocator-size-preload-manager=33554432"
    "memorysetup-temp-allocator-size-nav-mesh-worker=65536"
    "memorysetup-temp-allocator-size-audio-worker=65536"
    "memorysetup-temp-allocator-size-cloud-worker=32768"
    "memorysetup-temp-allocator-size-gi-baking-worker=262144"
    "memorysetup-temp-allocator-size-gfx=262144"
Player connection [14104]  Target information:

Player connection [14104]  * "[IP] 192.168.0.7 [Port] 0 [Flags] 2 [Guid] 3080785427 [EditorId] 3080785427 [Version] 1048832 [Id] WindowsEditor(7,MSI) [Debug] 1 [PackageName] WindowsEditor [ProjectName] Editor" 

Player connection [14104] Host joined multi-casting on [225.0.0.222:54997]...
Player connection [14104] Host joined alternative multi-casting on [225.0.0.222:34997]...
[PhysX] Initialized MultithreadedTaskDispatcher with 16 workers.
Refreshing native plugins compatible for Editor in 342.02 ms, found 3 plugins.
Preloading 0 native plugins for Editor in 0.00 ms.
Initialize engine version: 2022.3.42f1 (2dcb6a0abc42)
[Subsystems] Discovering subsystems at path C:/Program Files/Unity/Hub/Editor/2022.3.42f1/Editor/Data/Resources/UnitySubsystems
[Subsystems] Discovering subsystems at path C:/repos/unity_create/Fisher/Assets
GfxDevice: creating device client; threaded=0; jobified=0
Direct3D:
    Version:  Direct3D 11.0 [level 11.1]
    Renderer: NVIDIA GeForce RTX 4060 Laptop GPU (ID=0x28a0)
    Vendor:   NVIDIA
    VRAM:     7957 MB
    Driver:   32.0.15.6636
Initialize mono
Mono path[0] = 'C:/Program Files/Unity/Hub/Editor/2022.3.42f1/Editor/Data/Managed'
Mono path[1] = 'C:/Program Files/Unity/Hub/Editor/2022.3.42f1/Editor/Data/MonoBleedingEdge/lib/mono/unityjit-win32'
Mono config path = 'C:/Program Files/Unity/Hub/Editor/2022.3.42f1/Editor/Data/MonoBleedingEdge/etc'
Using monoOptions --debugger-agent=transport=dt_socket,embedding=1,server=y,suspend=n,address=127.0.0.1:56136
Begin MonoManager ReloadAssembly
Registering precompiled unity dll's ...
Register platform support module: C:/Program Files/Unity/Hub/Editor/2022.3.42f1/Editor/Data/PlaybackEngines/WindowsStandaloneSupport/UnityEditor.WindowsStandalone.Extensions.dll
Registered in 0.007334 seconds.
- Loaded All Assemblies, in  3.124 seconds
Native extension for WindowsStandalone target not found
Mono: successfully reloaded assembly
- Finished resetting the current domain, in  0.230 seconds
Domain Reload Profiling: 3353ms
	BeginReloadAssembly (123ms)
		ExecutionOrderSort (0ms)
		DisableScriptedObjects (0ms)
		BackupInstance (0ms)
		ReleaseScriptingObjects (0ms)
		CreateAndSetChildDomain (1ms)
	RebuildCommonClasses (875ms)
	RebuildNativeTypeToScriptingClass (7ms)
	initialDomainReloadingComplete (49ms)
	LoadAllAssembliesAndSetupDomain (2068ms)
		LoadAssemblies (121ms)
		RebuildTransferFunctionScriptingTraits (0ms)
		AnalyzeDomain (2067ms)
			TypeCache.Refresh (2065ms)
				TypeCache.ScanAssembly (2053ms)
			ScanForSourceGeneratedMonoScriptInfo (0ms)
			ResolveRequiredComponents (1ms)
	FinalizeReload (230ms)
		ReleaseScriptCaches (0ms)
		RebuildScriptCaches (0ms)
		SetupLoadedEditorAssemblies (193ms)
			LogAssemblyErrors (0ms)
			InitializePlatformSupportModulesInManaged (8ms)
			SetLoadedEditorAssemblies (6ms)
			RefreshPlugins (0ms)
			BeforeProcessingInitializeOnLoad (2ms)
			ProcessInitializeOnLoadAttributes (107ms)
			ProcessInitializeOnLoadMethodAttributes (70ms)
			AfterProcessingInitializeOnLoad (0ms)
			EditorAssembliesLoaded (0ms)
		ExecutionOrderSort2 (0ms)
		AwakeInstancesAfterBackupRestoration (0ms)
========================================================================
Worker process is ready to serve import requests
Caller must complete domain reload
Begin MonoManager ReloadAssembly
- Loaded All Assemblies, in  0.949 seconds
Native extension for WindowsStandalone target not found
Package Manager log level set to [2]
[Package Manager] Server::EnsureServerProcessIsRunning -- launch failed, reason: Unity was launched with the -noUpm command-line argument
[Package Manager] UpmClient::Send -- Unable to send message (not connected to UPM process).
[Package Manager] Cannot connect to Unity Package Manager local server
Mono: successfully reloaded assembly
- Finished resetting the current domain, in  0.437 seconds
Domain Reload Profiling: 1380ms
	BeginReloadAssembly (150ms)
		ExecutionOrderSort (0ms)
		DisableScriptedObjects (5ms)
		BackupInstance (0ms)
		ReleaseScriptingObjects (0ms)
		CreateAndSetChildDomain (21ms)
	RebuildCommonClasses (31ms)
	RebuildNativeTypeToScriptingClass (9ms)
	initialDomainReloadingComplete (45ms)
	LoadAllAssembliesAndSetupDomain (708ms)
		LoadAssemblies (275ms)
		RebuildTransferFunctionScriptingTraits (0ms)
		AnalyzeDomain (525ms)
			TypeCache.Refresh (510ms)
				TypeCache.ScanAssembly (98ms)
			ScanForSourceGeneratedMonoScriptInfo (11ms)
			ResolveRequiredComponents (3ms)
	FinalizeReload (438ms)
		ReleaseScriptCaches (0ms)
		RebuildScriptCaches (0ms)
		SetupLoadedEditorAssemblies (339ms)
			LogAssemblyErrors (0ms)
			InitializePlatformSupportModulesInManaged (5ms)
			SetLoadedEditorAssemblies (4ms)
			RefreshPlugins (0ms)
			BeforeProcessingInitializeOnLoad (46ms)
			ProcessInitializeOnLoadAttributes (262ms)
			ProcessInitializeOnLoadMethodAttributes (16ms)
			AfterProcessingInitializeOnLoad (6ms)
			EditorAssembliesLoaded (0ms)
		ExecutionOrderSort2 (0ms)
		AwakeInstancesAfterBackupRestoration (5ms)
Launched and connected shader compiler UnityShaderCompiler.exe after 0.16 seconds
Refreshing native plugins compatible for Editor in 3.70 ms, found 3 plugins.
Preloading 0 native plugins for Editor in 0.00 ms.
Unloading 3103 Unused Serialized files (Serialized files now loaded: 0)
Unloading 19 unused Assets / (54.6 KB). Loaded Objects now: 3569.
Memory consumption went from 127.9 MB to 127.8 MB.
Total: 3.676500 ms (FindLiveObjects: 0.250600 ms CreateObjectMapping: 0.110100 ms MarkObjects: 3.211100 ms  DeleteObjects: 0.102800 ms)

AssetImportParameters requested are different than current active one (requested -> active):
  custom:container-demuxer-ogg: 62fdf1f143b41e24485cea50d1cbac27 -> 
  custom:video-codec-MediaFoundation-h265: 746d11721c4dcdbdad8f713fa42b33f4 -> 
  custom:video-decoder-ogg-theora: a1e56fd34408186e4bbccfd4996cb3dc -> 
  custom:framework-win-MediaFoundation: 216162199b28c13a410421893ffa2e32 -> 
  custom:CustomObjectIndexerAttribute: 9a22284fe3817be447336de3de66b15e -> 
  custom:container-demuxer-webm: 4f35f7cbe854078d1ac9338744f61a02 -> 
  custom:container-muxer-webm: aa71ff27fc2769a1b78a27578f13a17b -> 
  custom:video-decoder-webm-vp8: 9c59270c3fd7afecdb556c50c9e8de78 -> 
  custom:SearchIndexIgnoredProperties: e643bd26f0fe6173181afceb89e7c659 -> 
  custom:AudioImporter_EditorPlatform: d09bf68614088b80899f8185d706f6e7 -> 
  custom:video-encoder-webm-vp8: eb34c28f22e8b96e1ab97ce403110664 -> 
  custom:audio-decoder-ogg-vorbis: bf7c407c2cedff20999df2af8eb42d56 -> 
  custom:audio-encoder-webm-vorbis: bf7c407c2cedff20999df2af8eb42d56 -> 
========================================================================
Received Import Request.
  Time since last request: 1388163.304344 seconds.
  path: Assets/WeaponsAndPropsAssetPack_NAS/Assets/Tools, Weapons And Props/AssetsPack-01-NAS-axes.fbx
  artifactKey: Guid(9ea518e8f0d16c64e913b9e21e3fb435) Importer(815301076,1909f56bfc062723c751e8b465ee728b)
Start importing Assets/WeaponsAndPropsAssetPack_NAS/Assets/Tools, Weapons And Props/AssetsPack-01-NAS-axes.fbx using Guid(9ea518e8f0d16c64e913b9e21e3fb435) Importer(815301076,1909f56bfc062723c751e8b465ee728b) [PhysX] Initialized MultithreadedTaskDispatcher with 16 workers.
[PhysX] Initialized MultithreadedTaskDispatcher with 16 workers.
[PhysX] Initialized MultithreadedTaskDispatcher with 16 workers.
[PhysX] Initialized MultithreadedTaskDispatcher with 16 workers.
[PhysX] Initialized MultithreadedTaskDispatcher with 16 workers.
[PhysX] Initialized MultithreadedTaskDispatcher with 16 workers.
[PhysX] Initialized MultithreadedTaskDispatcher with 16 workers.
 -> (artifact id: 'c42774b07cb3923f5c69a6279f6f482f') in 0.189199 seconds
Number of updated asset objects reloaded before import = 0
Number of asset objects unloaded after import = 21
========================================================================
Received Import Request.
  Time since last request: 0.000036 seconds.
  path: Assets/WeaponsAndPropsAssetPack_NAS/Assets/Tools, Weapons And Props/AssetsPack-01-NAS-katanas-swords.fbx
  artifactKey: Guid(8eb1e219267ac2046a46b591c074bdfd) Importer(815301076,1909f56bfc062723c751e8b465ee728b)
Start importing Assets/WeaponsAndPropsAssetPack_NAS/Assets/Tools, Weapons And Props/AssetsPack-01-NAS-katanas-swords.fbx using Guid(8eb1e219267ac2046a46b591c074bdfd) Importer(815301076,1909f56bfc062723c751e8b465ee728b) [PhysX] Initialized MultithreadedTaskDispatcher with 16 workers.
[PhysX] Initialized MultithreadedTaskDispatcher with 16 workers.
[PhysX] Initialized MultithreadedTaskDispatcher with 16 workers.
[PhysX] Initialized MultithreadedTaskDispatcher with 16 workers.
[PhysX] Initialized MultithreadedTaskDispatcher with 16 workers.
[PhysX] Initialized MultithreadedTaskDispatcher with 16 workers.
[PhysX] Initialized MultithreadedTaskDispatcher with 16 workers.
[PhysX] Initialized MultithreadedTaskDispatcher with 16 workers.
[PhysX] Initialized MultithreadedTaskDispatcher with 16 workers.
[PhysX] Initialized MultithreadedTaskDispatcher with 16 workers.
[PhysX] Initialized MultithreadedTaskDispatcher with 16 workers.
[PhysX] Initialized MultithreadedTaskDispatcher with 16 workers.
[PhysX] Initialized MultithreadedTaskDispatcher with 16 workers.
 -> (artifact id: '76fd153a4be8b0f9bdefb122fa9555d2') in 0.099320 seconds
Number of updated asset objects reloaded before import = 0
Number of asset objects unloaded after import = 36
========================================================================
Received Import Request.
  Time since last request: 0.966159 seconds.
  path: Assets/WeaponsAndPropsAssetPack_NAS/Assets/Tools, Weapons And Props/AssetsPack-01-NAS-metal-fork.fbx
  artifactKey: Guid(256e90f1f9848f641b0aa801efb1d3a4) Importer(815301076,1909f56bfc062723c751e8b465ee728b)
Start importing Assets/WeaponsAndPropsAssetPack_NAS/Assets/Tools, Weapons And Props/AssetsPack-01-NAS-metal-fork.fbx using Guid(256e90f1f9848f641b0aa801efb1d3a4) Importer(815301076,1909f56bfc062723c751e8b465ee728b) [PhysX] Initialized MultithreadedTaskDispatcher with 16 workers.
[PhysX] Initialized MultithreadedTaskDispatcher with 16 workers.
[PhysX] Initialized MultithreadedTaskDispatcher with 16 workers.
[PhysX] Initialized MultithreadedTaskDispatcher with 16 workers.
[PhysX] Initialized MultithreadedTaskDispatcher with 16 workers.
 -> (artifact id: '4f92b8820dd6eef1f58a963eb981ad38') in 0.042792 seconds
Number of updated asset objects reloaded before import = 0
Number of asset objects unloaded after import = 16
========================================================================
Received Import Request.
  Time since last request: 0.991786 seconds.
  path: Assets/WeaponsAndPropsAssetPack_NAS/Assets/Tools, Weapons And Props/AssetsPack-01-NAS-metal-hammer.fbx
  artifactKey: Guid(ac51463f6f514e24c875f04ec8d2fa7f) Importer(815301076,1909f56bfc062723c751e8b465ee728b)
Start importing Assets/WeaponsAndPropsAssetPack_NAS/Assets/Tools, Weapons And Props/AssetsPack-01-NAS-metal-hammer.fbx using Guid(ac51463f6f514e24c875f04ec8d2fa7f) Importer(815301076,1909f56bfc062723c751e8b465ee728b) [PhysX] Initialized MultithreadedTaskDispatcher with 16 workers.
[PhysX] Initialized MultithreadedTaskDispatcher with 16 workers.
[PhysX] Initialized MultithreadedTaskDispatcher with 16 workers.
[PhysX] Initialized MultithreadedTaskDispatcher with 16 workers.
[PhysX] Initialized MultithreadedTaskDispatcher with 16 workers.
 -> (artifact id: 'f9034648d960a4c51e7300a1bd9d9c86') in 0.046647 seconds
Number of updated asset objects reloaded before import = 0
Number of asset objects unloaded after import = 16
========================================================================
Received Import Request.
  Time since last request: 0.019632 seconds.
  path: Assets/WeaponsAndPropsAssetPack_NAS/Assets/Tools, Weapons And Props/AssetsPack-01-NAS-metal-pickaxes.fbx
  artifactKey: Guid(c3dccb16859764e468a560e6fbb00e46) Importer(815301076,1909f56bfc062723c751e8b465ee728b)
Start importing Assets/WeaponsAndPropsAssetPack_NAS/Assets/Tools, Weapons And Props/AssetsPack-01-NAS-metal-pickaxes.fbx using Guid(c3dccb16859764e468a560e6fbb00e46) Importer(815301076,1909f56bfc062723c751e8b465ee728b) [PhysX] Initialized MultithreadedTaskDispatcher with 16 workers.
[PhysX] Initialized MultithreadedTaskDispatcher with 16 workers.
[PhysX] Initialized MultithreadedTaskDispatcher with 16 workers.
[PhysX] Initialized MultithreadedTaskDispatcher with 16 workers.
[PhysX] Initialized MultithreadedTaskDispatcher with 16 workers.
 -> (artifact id: '5b077592fea9dee1f61958d527cc5337') in 0.043052 seconds
Number of updated asset objects reloaded before import = 0
Number of asset objects unloaded after import = 16
========================================================================
Received Import Request.
  Time since last request: 0.354230 seconds.
  path: Assets/WeaponsAndPropsAssetPack_NAS/Assets/Tools, Weapons And Props/AssetsPack-01-NAS-metal-shovel.fbx
  artifactKey: Guid(205d42d090742c042a2fb4eabed1447d) Importer(815301076,1909f56bfc062723c751e8b465ee728b)
Start importing Assets/WeaponsAndPropsAssetPack_NAS/Assets/Tools, Weapons And Props/AssetsPack-01-NAS-metal-shovel.fbx using Guid(205d42d090742c042a2fb4eabed1447d) Importer(815301076,1909f56bfc062723c751e8b465ee728b) [PhysX] Initialized MultithreadedTaskDispatcher with 16 workers.
[PhysX] Initialized MultithreadedTaskDispatcher with 16 workers.
[PhysX] Initialized MultithreadedTaskDispatcher with 16 workers.
[PhysX] Initialized MultithreadedTaskDispatcher with 16 workers.
[PhysX] Initialized MultithreadedTaskDispatcher with 16 workers.
 -> (artifact id: '17f05e5a2e8da488ac792cef0ef31224') in 0.059389 seconds
Number of updated asset objects reloaded before import = 0
Number of asset objects unloaded after import = 16
========================================================================
Received Import Request.
  Time since last request: 0.021619 seconds.
  path: Assets/WeaponsAndPropsAssetPack_NAS/Assets/Tools, Weapons And Props/AssetsPack-01-NAS-metal-spear.fbx
  artifactKey: Guid(55d0feb2bc2df974fbec7244656e2fae) Importer(815301076,1909f56bfc062723c751e8b465ee728b)
Start importing Assets/WeaponsAndPropsAssetPack_NAS/Assets/Tools, Weapons And Props/AssetsPack-01-NAS-metal-spear.fbx using Guid(55d0feb2bc2df974fbec7244656e2fae) Importer(815301076,1909f56bfc062723c751e8b465ee728b) [PhysX] Initialized MultithreadedTaskDispatcher with 16 workers.
[PhysX] Initialized MultithreadedTaskDispatcher with 16 workers.
[PhysX] Initialized MultithreadedTaskDispatcher with 16 workers.
[PhysX] Initialized MultithreadedTaskDispatcher with 16 workers.
[PhysX] Initialized MultithreadedTaskDispatcher with 16 workers.
 -> (artifact id: 'f778b5aed120b6ab29e222464d2a33ef') in 0.033896 seconds
Number of updated asset objects reloaded before import = 0
Number of asset objects unloaded after import = 16
========================================================================
Received Import Request.
  Time since last request: 0.377497 seconds.
  path: Assets/WeaponsAndPropsAssetPack_NAS/Assets/Tools, Weapons And Props/AssetsPack-01-NAS-modern-hoe.fbx
  artifactKey: Guid(1f06db63bfff4034084904c12b1ded7c) Importer(815301076,1909f56bfc062723c751e8b465ee728b)
Start importing Assets/WeaponsAndPropsAssetPack_NAS/Assets/Tools, Weapons And Props/AssetsPack-01-NAS-modern-hoe.fbx using Guid(1f06db63bfff4034084904c12b1ded7c) Importer(815301076,1909f56bfc062723c751e8b465ee728b) [PhysX] Initialized MultithreadedTaskDispatcher with 16 workers.
[PhysX] Initialized MultithreadedTaskDispatcher with 16 workers.
[PhysX] Initialized MultithreadedTaskDispatcher with 16 workers.
[PhysX] Initialized MultithreadedTaskDispatcher with 16 workers.
[PhysX] Initialized MultithreadedTaskDispatcher with 16 workers.
 -> (artifact id: '3991a5ae7516581b6ab5f79baf7075ed') in 0.037616 seconds
Number of updated asset objects reloaded before import = 0
Number of asset objects unloaded after import = 16
========================================================================
Received Import Request.
  Time since last request: 0.381446 seconds.
  path: Assets/WeaponsAndPropsAssetPack_NAS/Assets/Tools, Weapons And Props/AssetsPack-01-NAS-primitive-hoe.fbx
  artifactKey: Guid(48d1d92a864c0084f944f26cafb16876) Importer(815301076,1909f56bfc062723c751e8b465ee728b)
Start importing Assets/WeaponsAndPropsAssetPack_NAS/Assets/Tools, Weapons And Props/AssetsPack-01-NAS-primitive-hoe.fbx using Guid(48d1d92a864c0084f944f26cafb16876) Importer(815301076,1909f56bfc062723c751e8b465ee728b) [PhysX] Initialized MultithreadedTaskDispatcher with 16 workers.
[PhysX] Initialized MultithreadedTaskDispatcher with 16 workers.
[PhysX] Initialized MultithreadedTaskDispatcher with 16 workers.
 -> (artifact id: '18032f3c734af263197a0729a5305c03') in 0.047539 seconds
Number of updated asset objects reloaded before import = 0
Number of asset objects unloaded after import = 10
========================================================================
Received Import Request.
  Time since last request: 1.144576 seconds.
  path: Assets/WeaponsAndPropsAssetPack_NAS/Assets/Tools, Weapons And Props/AssetsPack-01-NAS-staves.fbx
  artifactKey: Guid(9f1ae89d1c663c84d9f0b9bd43065057) Importer(815301076,1909f56bfc062723c751e8b465ee728b)
Start importing Assets/WeaponsAndPropsAssetPack_NAS/Assets/Tools, Weapons And Props/AssetsPack-01-NAS-staves.fbx using Guid(9f1ae89d1c663c84d9f0b9bd43065057) Importer(815301076,1909f56bfc062723c751e8b465ee728b) [PhysX] Initialized MultithreadedTaskDispatcher with 16 workers.
[PhysX] Initialized MultithreadedTaskDispatcher with 16 workers.
[PhysX] Initialized MultithreadedTaskDispatcher with 16 workers.
[PhysX] Initialized MultithreadedTaskDispatcher with 16 workers.
[PhysX] Initialized MultithreadedTaskDispatcher with 16 workers.
[PhysX] Initialized MultithreadedTaskDispatcher with 16 workers.
[PhysX] Initialized MultithreadedTaskDispatcher with 16 workers.
[PhysX] Initialized MultithreadedTaskDispatcher with 16 workers.
[PhysX] Initialized MultithreadedTaskDispatcher with 16 workers.
[PhysX] Initialized MultithreadedTaskDispatcher with 16 workers.
[PhysX] Initialized MultithreadedTaskDispatcher with 16 workers.
[PhysX] Initialized MultithreadedTaskDispatcher with 16 workers.
[PhysX] Initialized MultithreadedTaskDispatcher with 16 workers.
[PhysX] Initialized MultithreadedTaskDispatcher with 16 workers.
 -> (artifact id: 'aa72ea99257e9cedc7d071bf4ed95943') in 0.092748 seconds
Number of updated asset objects reloaded before import = 0
Number of asset objects unloaded after import = 37
========================================================================
Received Import Request.
  Time since last request: 0.259302 seconds.
  path: Assets/WeaponsAndPropsAssetPack_NAS/Assets/Tools, Weapons And Props/AssetsPack-01-NAS-stone-hammer.fbx
  artifactKey: Guid(4a833c8f609f4ac49969413519c7d6fd) Importer(815301076,1909f56bfc062723c751e8b465ee728b)
Start importing Assets/WeaponsAndPropsAssetPack_NAS/Assets/Tools, Weapons And Props/AssetsPack-01-NAS-stone-hammer.fbx using Guid(4a833c8f609f4ac49969413519c7d6fd) Importer(815301076,1909f56bfc062723c751e8b465ee728b) [PhysX] Initialized MultithreadedTaskDispatcher with 16 workers.
[PhysX] Initialized MultithreadedTaskDispatcher with 16 workers.
[PhysX] Initialized MultithreadedTaskDispatcher with 16 workers.
 -> (artifact id: '0ca7132f046d465fa540cf20be5a9779') in 0.043484 seconds
Number of updated asset objects reloaded before import = 0
Number of asset objects unloaded after import = 10
========================================================================
Received Import Request.
  Time since last request: 0.019963 seconds.
  path: Assets/WeaponsAndPropsAssetPack_NAS/Assets/Tools, Weapons And Props/AssetsPack-01-NAS-stone-pickaxes.fbx
  artifactKey: Guid(5d70ee9ffd4571542b0ee68f916606d9) Importer(815301076,1909f56bfc062723c751e8b465ee728b)
Start importing Assets/WeaponsAndPropsAssetPack_NAS/Assets/Tools, Weapons And Props/AssetsPack-01-NAS-stone-pickaxes.fbx using Guid(5d70ee9ffd4571542b0ee68f916606d9) Importer(815301076,1909f56bfc062723c751e8b465ee728b) [PhysX] Initialized MultithreadedTaskDispatcher with 16 workers.
[PhysX] Initialized MultithreadedTaskDispatcher with 16 workers.
[PhysX] Initialized MultithreadedTaskDispatcher with 16 workers.
 -> (artifact id: '3ea8723943f359fe91b3b294969ecb95') in 0.028452 seconds
Number of updated asset objects reloaded before import = 0
Number of asset objects unloaded after import = 10
========================================================================
Received Import Request.
  Time since last request: 0.281234 seconds.
  path: Assets/WeaponsAndPropsAssetPack_NAS/Assets/Tools, Weapons And Props/AssetsPack-01-NAS-stone-spear.fbx
  artifactKey: Guid(92729e0a79872d245b5aff327239a32d) Importer(815301076,1909f56bfc062723c751e8b465ee728b)
Start importing Assets/WeaponsAndPropsAssetPack_NAS/Assets/Tools, Weapons And Props/AssetsPack-01-NAS-stone-spear.fbx using Guid(92729e0a79872d245b5aff327239a32d) Importer(815301076,1909f56bfc062723c751e8b465ee728b) [PhysX] Initialized MultithreadedTaskDispatcher with 16 workers.
[PhysX] Initialized MultithreadedTaskDispatcher with 16 workers.
[PhysX] Initialized MultithreadedTaskDispatcher with 16 workers.
 -> (artifact id: 'ff942de43611d7fea0319d221d88735f') in 0.033084 seconds
Number of updated asset objects reloaded before import = 0
Number of asset objects unloaded after import = 10
========================================================================
Received Import Request.
  Time since last request: 0.251330 seconds.
  path: Assets/WeaponsAndPropsAssetPack_NAS/Assets/Tools, Weapons And Props/AssetsPack-01-NAS-wands.fbx
  artifactKey: Guid(2b6c6189e39eec14ebc598af93757be7) Importer(815301076,1909f56bfc062723c751e8b465ee728b)
Start importing Assets/WeaponsAndPropsAssetPack_NAS/Assets/Tools, Weapons And Props/AssetsPack-01-NAS-wands.fbx using Guid(2b6c6189e39eec14ebc598af93757be7) Importer(815301076,1909f56bfc062723c751e8b465ee728b) [PhysX] Initialized MultithreadedTaskDispatcher with 16 workers.
[PhysX] Initialized MultithreadedTaskDispatcher with 16 workers.
[PhysX] Initialized MultithreadedTaskDispatcher with 16 workers.
[PhysX] Initialized MultithreadedTaskDispatcher with 16 workers.
[PhysX] Initialized MultithreadedTaskDispatcher with 16 workers.
[PhysX] Initialized MultithreadedTaskDispatcher with 16 workers.
[PhysX] Initialized MultithreadedTaskDispatcher with 16 workers.
[PhysX] Initialized MultithreadedTaskDispatcher with 16 workers.
[PhysX] Initialized MultithreadedTaskDispatcher with 16 workers.
[PhysX] Initialized MultithreadedTaskDispatcher with 16 workers.
 -> (artifact id: 'e5f6451ffbd6c11a486edcc9bcddc701') in 0.058460 seconds
Number of updated asset objects reloaded before import = 0
Number of asset objects unloaded after import = 27
========================================================================
Received Import Request.
  Time since last request: 0.014715 seconds.
  path: Assets/WeaponsAndPropsAssetPack_NAS/Assets/Tools, Weapons And Props/AssetsPack-01-NAS-wooden-shovel.fbx
  artifactKey: Guid(beca8fedfee7b564a9559a481f49e0fc) Importer(815301076,1909f56bfc062723c751e8b465ee728b)
Start importing Assets/WeaponsAndPropsAssetPack_NAS/Assets/Tools, Weapons And Props/AssetsPack-01-NAS-wooden-shovel.fbx using Guid(beca8fedfee7b564a9559a481f49e0fc) Importer(815301076,1909f56bfc062723c751e8b465ee728b) [PhysX] Initialized MultithreadedTaskDispatcher with 16 workers.
[PhysX] Initialized MultithreadedTaskDispatcher with 16 workers.
[PhysX] Initialized MultithreadedTaskDispatcher with 16 workers.
 -> (artifact id: '4fbf2b9508b1cd7770cce672598b8806') in 0.031857 seconds
Number of updated asset objects reloaded before import = 0
Number of asset objects unloaded after import = 10
========================================================================
Received Import Request.
  Time since last request: 0.359306 seconds.
  path: Assets/WeaponsAndPropsAssetPack_NAS/Assets/Tools, Weapons And Props/AssetsPack-01-NAS-wrenches.fbx
  artifactKey: Guid(e507f9f03405e1240b6f76a6575ae2f2) Importer(815301076,1909f56bfc062723c751e8b465ee728b)
Start importing Assets/WeaponsAndPropsAssetPack_NAS/Assets/Tools, Weapons And Props/AssetsPack-01-NAS-wrenches.fbx using Guid(e507f9f03405e1240b6f76a6575ae2f2) Importer(815301076,1909f56bfc062723c751e8b465ee728b) [PhysX] Initialized MultithreadedTaskDispatcher with 16 workers.
[PhysX] Initialized MultithreadedTaskDispatcher with 16 workers.
[PhysX] Initialized MultithreadedTaskDispatcher with 16 workers.
[PhysX] Initialized MultithreadedTaskDispatcher with 16 workers.
[PhysX] Initialized MultithreadedTaskDispatcher with 16 workers.
[PhysX] Initialized MultithreadedTaskDispatcher with 16 workers.
 -> (artifact id: '4f59b8e691883a0d833a1850eb4dd989') in 0.042899 seconds
Number of updated asset objects reloaded before import = 0
Number of asset objects unloaded after import = 17
========================================================================
Received Import Request.
  Time since last request: 20.514974 seconds.
  path: Assets/WeaponsAndPropsAssetPack_NAS/Materials/M_Common.mat
  artifactKey: Guid(10ba0e2a7b3e70f4d98880e38f88b33d) Importer(815301076,1909f56bfc062723c751e8b465ee728b)
Start importing Assets/WeaponsAndPropsAssetPack_NAS/Materials/M_Common.mat using Guid(10ba0e2a7b3e70f4d98880e38f88b33d) Importer(815301076,1909f56bfc062723c751e8b465ee728b) [PhysX] Initialized MultithreadedTaskDispatcher with 16 workers.
[PhysX] Initialized MultithreadedTaskDispatcher with 16 workers.
 -> (artifact id: '2cbcf617cea9b514f3bcfb6bcf6537f4') in 0.069895 seconds
Number of updated asset objects reloaded before import = 0
Number of asset objects unloaded after import = 3
========================================================================
Received Import Request.
  Time since last request: 34.448547 seconds.
  path: Assets/WeaponsAndPropsAssetPack_NAS/Textures/GradientEmissionPalette.png
  artifactKey: Guid(cfc2fa5bea2b2fb40903e504d4f85c79) Importer(815301076,1909f56bfc062723c751e8b465ee728b)
Start importing Assets/WeaponsAndPropsAssetPack_NAS/Textures/GradientEmissionPalette.png using Guid(cfc2fa5bea2b2fb40903e504d4f85c79) Importer(815301076,1909f56bfc062723c751e8b465ee728b) [PhysX] Initialized MultithreadedTaskDispatcher with 16 workers.
[PhysX] Initialized MultithreadedTaskDispatcher with 16 workers.
 -> (artifact id: '193b4b99a1e3fb59ca0f5652ac31abc7') in 0.041137 seconds
Number of updated asset objects reloaded before import = 0
Number of asset objects unloaded after import = 2
